<?xml version="1.0" encoding="UTF-8"?>
<!-- Generated by org.testng.reporters.JUnitReportReporter -->
<testsuite hostname="CLM-username.local" name="pandoraTest.PandoraTest" tests="1" failures="0" timestamp="26 Feb 2016 22:03:00 GMT" time="62.447" errors="0">
  <testcase name="RegisterTest" time="62.447" classname="pandoraTest.PandoraTest"/>
</testsuite> <!-- pandoraTest.PandoraTest -->
